TSError: ⨯ Unable to compile TypeScript:
src/JFramework/Security/RateLimiter/Limiters.ts(2,10): error TS2614: Module '"../../Utils/utils"' has no exported member 'ConvertTimeToMiliSeconds'. Did you mean to use 'import ConvertTimeToMiliSeconds from "../../Utils/utils"' instead?

    at createTSError (C:\Users\jimen\Documents\AZ\CodeFiles\CodeProyects\JavaScript Proyects\FinanzasHogar\Server\node_modules\ts-node\src\index.ts:859:12)
    at reportTSError (C:\Users\jimen\Documents\AZ\CodeFiles\CodeProyects\JavaScript Proyects\FinanzasHogar\Server\node_modules\ts-node\src\index.ts:863:19)
    at getOutput (C:\Users\jimen\Documents\AZ\CodeFiles\CodeProyects\JavaScript Proyects\FinanzasHogar\Server\node_modules\ts-node\src\index.ts:1077:36)
    at Object.compile (C:\Users\jimen\Documents\AZ\CodeFiles\CodeProyects\JavaScript Proyects\FinanzasHogar\Server\node_modules\ts-node\src\index.ts:1433:41)
    at Module.m._compile (C:\Users\jimen\Documents\AZ\CodeFiles\CodeProyects\JavaScript Proyects\FinanzasHogar\Server\node_modules\ts-node\src\index.ts:1617:30)
    at node:internal/modules/cjs/loader:1689:10
    at Object.require.extensions.<computed> [as .ts] (C:\Users\jimen\Documents\AZ\CodeFiles\CodeProyects\JavaScript Proyects\FinanzasHogar\Server\node_modules\ts-node\src\index.ts:1621:12)
    at Module.load (node:internal/modules/cjs/loader:1318:32)
    at Function._load (node:internal/modules/cjs/loader:1128:12)
    at TracingChannel.traceSync (node:diagnostics_channel:315:14)
Channel is already closed can't broadcast error:
TypeError: Converting circular structure to JSON
    --> starting at object with constructor 'SourceFileObject'
    |     property 'statements' -> object with constructor 'Array'
    |     index 0 -> object with constructor 'NodeObject'
    --- property 'parent' closes the circle
    at stringify (<anonymous>)
    at writeChannelMessage (node:internal/child_process/serialization:159:20)
    at process.target._send (node:internal/child_process:851:17)
    at process.target.send (node:internal/child_process:751:19)
    at process.send (C:\Users\jimen\Documents\AZ\CodeFiles\CodeProyects\JavaScript Proyects\FinanzasHogar\Server\node_modules\pm2\lib\ProcessContainer.js:52:21)
    at process.uncaughtListener (C:\Users\jimen\Documents\AZ\CodeFiles\CodeProyects\JavaScript Proyects\FinanzasHogar\Server\node_modules\pm2\lib\ProcessContainer.js:276:19)
    at process.emit (node:events:530:35)
    at process.emit (node:domain:489:12)
    at process.emit.sharedData.processEmitHook.installedValue [as emit] (C:\Users\jimen\Documents\AZ\CodeFiles\CodeProyects\JavaScript Proyects\FinanzasHogar\Server\node_modules\@cspotcode\source-map-support\source-map-support.js:745:40)
    at process._fatalException (node:internal/process/execution:191:25)
TSError: ⨯ Unable to compile TypeScript:
src/JFramework/Security/RateLimiter/Limiters.ts(2,10): error TS2614: Module '"../../Utils/utils"' has no exported member 'ConvertTimeToMiliSeconds'. Did you mean to use 'import ConvertTimeToMiliSeconds from "../../Utils/utils"' instead?

    at createTSError (C:\Users\jimen\Documents\AZ\CodeFiles\CodeProyects\JavaScript Proyects\FinanzasHogar\Server\node_modules\ts-node\src\index.ts:859:12)
    at reportTSError (C:\Users\jimen\Documents\AZ\CodeFiles\CodeProyects\JavaScript Proyects\FinanzasHogar\Server\node_modules\ts-node\src\index.ts:863:19)
    at getOutput (C:\Users\jimen\Documents\AZ\CodeFiles\CodeProyects\JavaScript Proyects\FinanzasHogar\Server\node_modules\ts-node\src\index.ts:1077:36)
    at Object.compile (C:\Users\jimen\Documents\AZ\CodeFiles\CodeProyects\JavaScript Proyects\FinanzasHogar\Server\node_modules\ts-node\src\index.ts:1433:41)
    at Module.m._compile (C:\Users\jimen\Documents\AZ\CodeFiles\CodeProyects\JavaScript Proyects\FinanzasHogar\Server\node_modules\ts-node\src\index.ts:1617:30)
    at node:internal/modules/cjs/loader:1689:10
    at Object.require.extensions.<computed> [as .ts] (C:\Users\jimen\Documents\AZ\CodeFiles\CodeProyects\JavaScript Proyects\FinanzasHogar\Server\node_modules\ts-node\src\index.ts:1621:12)
    at Module.load (node:internal/modules/cjs/loader:1318:32)
    at Function._load (node:internal/modules/cjs/loader:1128:12)
    at TracingChannel.traceSync (node:diagnostics_channel:315:14)
Channel is already closed can't broadcast error:
TypeError: Converting circular structure to JSON
    --> starting at object with constructor 'SourceFileObject'
    |     property 'statements' -> object with constructor 'Array'
    |     index 0 -> object with constructor 'NodeObject'
    --- property 'parent' closes the circle
    at stringify (<anonymous>)
    at writeChannelMessage (node:internal/child_process/serialization:159:20)
    at process.target._send (node:internal/child_process:851:17)
    at process.target.send (node:internal/child_process:751:19)
    at process.send (C:\Users\jimen\Documents\AZ\CodeFiles\CodeProyects\JavaScript Proyects\FinanzasHogar\Server\node_modules\pm2\lib\ProcessContainer.js:52:21)
    at process.uncaughtListener (C:\Users\jimen\Documents\AZ\CodeFiles\CodeProyects\JavaScript Proyects\FinanzasHogar\Server\node_modules\pm2\lib\ProcessContainer.js:276:19)
    at process.emit (node:events:530:35)
    at process.emit (node:domain:489:12)
    at process.emit.sharedData.processEmitHook.installedValue [as emit] (C:\Users\jimen\Documents\AZ\CodeFiles\CodeProyects\JavaScript Proyects\FinanzasHogar\Server\node_modules\@cspotcode\source-map-support\source-map-support.js:745:40)
    at process._fatalException (node:internal/process/execution:191:25)
TSError: ⨯ Unable to compile TypeScript:
src/JFramework/Security/RateLimiter/Limiters.ts(2,10): error TS2614: Module '"../../Utils/utils"' has no exported member 'ConvertTimeToMiliSeconds'. Did you mean to use 'import ConvertTimeToMiliSeconds from "../../Utils/utils"' instead?

    at createTSError (C:\Users\jimen\Documents\AZ\CodeFiles\CodeProyects\JavaScript Proyects\FinanzasHogar\Server\node_modules\ts-node\src\index.ts:859:12)
    at reportTSError (C:\Users\jimen\Documents\AZ\CodeFiles\CodeProyects\JavaScript Proyects\FinanzasHogar\Server\node_modules\ts-node\src\index.ts:863:19)
    at getOutput (C:\Users\jimen\Documents\AZ\CodeFiles\CodeProyects\JavaScript Proyects\FinanzasHogar\Server\node_modules\ts-node\src\index.ts:1077:36)
    at Object.compile (C:\Users\jimen\Documents\AZ\CodeFiles\CodeProyects\JavaScript Proyects\FinanzasHogar\Server\node_modules\ts-node\src\index.ts:1433:41)
    at Module.m._compile (C:\Users\jimen\Documents\AZ\CodeFiles\CodeProyects\JavaScript Proyects\FinanzasHogar\Server\node_modules\ts-node\src\index.ts:1617:30)
    at node:internal/modules/cjs/loader:1689:10
    at Object.require.extensions.<computed> [as .ts] (C:\Users\jimen\Documents\AZ\CodeFiles\CodeProyects\JavaScript Proyects\FinanzasHogar\Server\node_modules\ts-node\src\index.ts:1621:12)
    at Module.load (node:internal/modules/cjs/loader:1318:32)
    at Function._load (node:internal/modules/cjs/loader:1128:12)
    at TracingChannel.traceSync (node:diagnostics_channel:315:14)
Channel is already closed can't broadcast error:
TypeError: Converting circular structure to JSON
    --> starting at object with constructor 'SourceFileObject'
    |     property 'statements' -> object with constructor 'Array'
    |     index 0 -> object with constructor 'NodeObject'
    --- property 'parent' closes the circle
    at stringify (<anonymous>)
    at writeChannelMessage (node:internal/child_process/serialization:159:20)
    at process.target._send (node:internal/child_process:851:17)
    at process.target.send (node:internal/child_process:751:19)
    at process.send (C:\Users\jimen\Documents\AZ\CodeFiles\CodeProyects\JavaScript Proyects\FinanzasHogar\Server\node_modules\pm2\lib\ProcessContainer.js:52:21)
    at process.uncaughtListener (C:\Users\jimen\Documents\AZ\CodeFiles\CodeProyects\JavaScript Proyects\FinanzasHogar\Server\node_modules\pm2\lib\ProcessContainer.js:276:19)
    at process.emit (node:events:530:35)
    at process.emit (node:domain:489:12)
    at process.emit.sharedData.processEmitHook.installedValue [as emit] (C:\Users\jimen\Documents\AZ\CodeFiles\CodeProyects\JavaScript Proyects\FinanzasHogar\Server\node_modules\@cspotcode\source-map-support\source-map-support.js:745:40)
    at process._fatalException (node:internal/process/execution:191:25)
TSError: ⨯ Unable to compile TypeScript:
src/JFramework/Security/RateLimiter/Limiters.ts(2,10): error TS2614: Module '"../../Utils/utils"' has no exported member 'ConvertTimeToMiliSeconds'. Did you mean to use 'import ConvertTimeToMiliSeconds from "../../Utils/utils"' instead?

    at createTSError (C:\Users\jimen\Documents\AZ\CodeFiles\CodeProyects\JavaScript Proyects\FinanzasHogar\Server\node_modules\ts-node\src\index.ts:859:12)
    at reportTSError (C:\Users\jimen\Documents\AZ\CodeFiles\CodeProyects\JavaScript Proyects\FinanzasHogar\Server\node_modules\ts-node\src\index.ts:863:19)
    at getOutput (C:\Users\jimen\Documents\AZ\CodeFiles\CodeProyects\JavaScript Proyects\FinanzasHogar\Server\node_modules\ts-node\src\index.ts:1077:36)
    at Object.compile (C:\Users\jimen\Documents\AZ\CodeFiles\CodeProyects\JavaScript Proyects\FinanzasHogar\Server\node_modules\ts-node\src\index.ts:1433:41)
    at Module.m._compile (C:\Users\jimen\Documents\AZ\CodeFiles\CodeProyects\JavaScript Proyects\FinanzasHogar\Server\node_modules\ts-node\src\index.ts:1617:30)
    at node:internal/modules/cjs/loader:1689:10
    at Object.require.extensions.<computed> [as .ts] (C:\Users\jimen\Documents\AZ\CodeFiles\CodeProyects\JavaScript Proyects\FinanzasHogar\Server\node_modules\ts-node\src\index.ts:1621:12)
    at Module.load (node:internal/modules/cjs/loader:1318:32)
    at Function._load (node:internal/modules/cjs/loader:1128:12)
    at TracingChannel.traceSync (node:diagnostics_channel:315:14)
Channel is already closed can't broadcast error:
TypeError: Converting circular structure to JSON
    --> starting at object with constructor 'SourceFileObject'
    |     property 'statements' -> object with constructor 'Array'
    |     index 0 -> object with constructor 'NodeObject'
    --- property 'parent' closes the circle
    at stringify (<anonymous>)
    at writeChannelMessage (node:internal/child_process/serialization:159:20)
    at process.target._send (node:internal/child_process:851:17)
    at process.target.send (node:internal/child_process:751:19)
    at process.send (C:\Users\jimen\Documents\AZ\CodeFiles\CodeProyects\JavaScript Proyects\FinanzasHogar\Server\node_modules\pm2\lib\ProcessContainer.js:52:21)
    at process.uncaughtListener (C:\Users\jimen\Documents\AZ\CodeFiles\CodeProyects\JavaScript Proyects\FinanzasHogar\Server\node_modules\pm2\lib\ProcessContainer.js:276:19)
    at process.emit (node:events:530:35)
    at process.emit (node:domain:489:12)
    at process.emit.sharedData.processEmitHook.installedValue [as emit] (C:\Users\jimen\Documents\AZ\CodeFiles\CodeProyects\JavaScript Proyects\FinanzasHogar\Server\node_modules\@cspotcode\source-map-support\source-map-support.js:745:40)
    at process._fatalException (node:internal/process/execution:191:25)
TSError: ⨯ Unable to compile TypeScript:
src/JFramework/Security/RateLimiter/Limiters.ts(2,10): error TS2614: Module '"../../Utils/utils"' has no exported member 'ConvertTimeToMiliSeconds'. Did you mean to use 'import ConvertTimeToMiliSeconds from "../../Utils/utils"' instead?

    at createTSError (C:\Users\jimen\Documents\AZ\CodeFiles\CodeProyects\JavaScript Proyects\FinanzasHogar\Server\node_modules\ts-node\src\index.ts:859:12)
    at reportTSError (C:\Users\jimen\Documents\AZ\CodeFiles\CodeProyects\JavaScript Proyects\FinanzasHogar\Server\node_modules\ts-node\src\index.ts:863:19)
    at getOutput (C:\Users\jimen\Documents\AZ\CodeFiles\CodeProyects\JavaScript Proyects\FinanzasHogar\Server\node_modules\ts-node\src\index.ts:1077:36)
    at Object.compile (C:\Users\jimen\Documents\AZ\CodeFiles\CodeProyects\JavaScript Proyects\FinanzasHogar\Server\node_modules\ts-node\src\index.ts:1433:41)
    at Module.m._compile (C:\Users\jimen\Documents\AZ\CodeFiles\CodeProyects\JavaScript Proyects\FinanzasHogar\Server\node_modules\ts-node\src\index.ts:1617:30)
    at node:internal/modules/cjs/loader:1689:10
    at Object.require.extensions.<computed> [as .ts] (C:\Users\jimen\Documents\AZ\CodeFiles\CodeProyects\JavaScript Proyects\FinanzasHogar\Server\node_modules\ts-node\src\index.ts:1621:12)
    at Module.load (node:internal/modules/cjs/loader:1318:32)
    at Function._load (node:internal/modules/cjs/loader:1128:12)
    at TracingChannel.traceSync (node:diagnostics_channel:315:14)
Channel is already closed can't broadcast error:
TypeError: Converting circular structure to JSON
    --> starting at object with constructor 'SourceFileObject'
    |     property 'statements' -> object with constructor 'Array'
    |     index 0 -> object with constructor 'NodeObject'
    --- property 'parent' closes the circle
    at stringify (<anonymous>)
    at writeChannelMessage (node:internal/child_process/serialization:159:20)
    at process.target._send (node:internal/child_process:851:17)
    at process.target.send (node:internal/child_process:751:19)
    at process.send (C:\Users\jimen\Documents\AZ\CodeFiles\CodeProyects\JavaScript Proyects\FinanzasHogar\Server\node_modules\pm2\lib\ProcessContainer.js:52:21)
    at process.uncaughtListener (C:\Users\jimen\Documents\AZ\CodeFiles\CodeProyects\JavaScript Proyects\FinanzasHogar\Server\node_modules\pm2\lib\ProcessContainer.js:276:19)
    at process.emit (node:events:530:35)
    at process.emit (node:domain:489:12)
    at process.emit.sharedData.processEmitHook.installedValue [as emit] (C:\Users\jimen\Documents\AZ\CodeFiles\CodeProyects\JavaScript Proyects\FinanzasHogar\Server\node_modules\@cspotcode\source-map-support\source-map-support.js:745:40)
    at process._fatalException (node:internal/process/execution:191:25)
TSError: ⨯ Unable to compile TypeScript:
src/JFramework/Security/RateLimiter/RateLimiterManager.ts(84,9): error TS2345: Argument of type 'number' is not assignable to parameter of type '(string | number)[]'.

    at createTSError (C:\Users\jimen\Documents\AZ\CodeFiles\CodeProyects\JavaScript Proyects\FinanzasHogar\Server\node_modules\ts-node\src\index.ts:859:12)
    at reportTSError (C:\Users\jimen\Documents\AZ\CodeFiles\CodeProyects\JavaScript Proyects\FinanzasHogar\Server\node_modules\ts-node\src\index.ts:863:19)
    at getOutput (C:\Users\jimen\Documents\AZ\CodeFiles\CodeProyects\JavaScript Proyects\FinanzasHogar\Server\node_modules\ts-node\src\index.ts:1077:36)
    at Object.compile (C:\Users\jimen\Documents\AZ\CodeFiles\CodeProyects\JavaScript Proyects\FinanzasHogar\Server\node_modules\ts-node\src\index.ts:1433:41)
    at Module.m._compile (C:\Users\jimen\Documents\AZ\CodeFiles\CodeProyects\JavaScript Proyects\FinanzasHogar\Server\node_modules\ts-node\src\index.ts:1617:30)
    at node:internal/modules/cjs/loader:1689:10
    at Object.require.extensions.<computed> [as .ts] (C:\Users\jimen\Documents\AZ\CodeFiles\CodeProyects\JavaScript Proyects\FinanzasHogar\Server\node_modules\ts-node\src\index.ts:1621:12)
    at Module.load (node:internal/modules/cjs/loader:1318:32)
    at Function._load (node:internal/modules/cjs/loader:1128:12)
    at TracingChannel.traceSync (node:diagnostics_channel:315:14)
Channel is already closed can't broadcast error:
TypeError: Converting circular structure to JSON
    --> starting at object with constructor 'SourceFileObject'
    |     property 'statements' -> object with constructor 'Array'
    |     index 0 -> object with constructor 'NodeObject'
    --- property 'parent' closes the circle
    at stringify (<anonymous>)
    at writeChannelMessage (node:internal/child_process/serialization:159:20)
    at process.target._send (node:internal/child_process:851:17)
    at process.target.send (node:internal/child_process:751:19)
    at process.send (C:\Users\jimen\Documents\AZ\CodeFiles\CodeProyects\JavaScript Proyects\FinanzasHogar\Server\node_modules\pm2\lib\ProcessContainer.js:52:21)
    at process.uncaughtListener (C:\Users\jimen\Documents\AZ\CodeFiles\CodeProyects\JavaScript Proyects\FinanzasHogar\Server\node_modules\pm2\lib\ProcessContainer.js:276:19)
    at process.emit (node:events:530:35)
    at process.emit (node:domain:489:12)
    at process.emit.sharedData.processEmitHook.installedValue [as emit] (C:\Users\jimen\Documents\AZ\CodeFiles\CodeProyects\JavaScript Proyects\FinanzasHogar\Server\node_modules\@cspotcode\source-map-support\source-map-support.js:745:40)
    at process._fatalException (node:internal/process/execution:191:25)
TSError: ⨯ Unable to compile TypeScript:
src/JFramework/Security/RateLimiter/RateLimiterManager.ts(84,9): error TS2345: Argument of type 'number' is not assignable to parameter of type '(string | number)[]'.

    at createTSError (C:\Users\jimen\Documents\AZ\CodeFiles\CodeProyects\JavaScript Proyects\FinanzasHogar\Server\node_modules\ts-node\src\index.ts:859:12)
    at reportTSError (C:\Users\jimen\Documents\AZ\CodeFiles\CodeProyects\JavaScript Proyects\FinanzasHogar\Server\node_modules\ts-node\src\index.ts:863:19)
    at getOutput (C:\Users\jimen\Documents\AZ\CodeFiles\CodeProyects\JavaScript Proyects\FinanzasHogar\Server\node_modules\ts-node\src\index.ts:1077:36)
    at Object.compile (C:\Users\jimen\Documents\AZ\CodeFiles\CodeProyects\JavaScript Proyects\FinanzasHogar\Server\node_modules\ts-node\src\index.ts:1433:41)
    at Module.m._compile (C:\Users\jimen\Documents\AZ\CodeFiles\CodeProyects\JavaScript Proyects\FinanzasHogar\Server\node_modules\ts-node\src\index.ts:1617:30)
    at node:internal/modules/cjs/loader:1689:10
    at Object.require.extensions.<computed> [as .ts] (C:\Users\jimen\Documents\AZ\CodeFiles\CodeProyects\JavaScript Proyects\FinanzasHogar\Server\node_modules\ts-node\src\index.ts:1621:12)
    at Module.load (node:internal/modules/cjs/loader:1318:32)
    at Function._load (node:internal/modules/cjs/loader:1128:12)
    at TracingChannel.traceSync (node:diagnostics_channel:315:14)
Channel is already closed can't broadcast error:
TypeError: Converting circular structure to JSON
    --> starting at object with constructor 'SourceFileObject'
    |     property 'statements' -> object with constructor 'Array'
    |     index 0 -> object with constructor 'NodeObject'
    --- property 'parent' closes the circle
    at stringify (<anonymous>)
    at writeChannelMessage (node:internal/child_process/serialization:159:20)
    at process.target._send (node:internal/child_process:851:17)
    at process.target.send (node:internal/child_process:751:19)
    at process.send (C:\Users\jimen\Documents\AZ\CodeFiles\CodeProyects\JavaScript Proyects\FinanzasHogar\Server\node_modules\pm2\lib\ProcessContainer.js:52:21)
    at process.uncaughtListener (C:\Users\jimen\Documents\AZ\CodeFiles\CodeProyects\JavaScript Proyects\FinanzasHogar\Server\node_modules\pm2\lib\ProcessContainer.js:276:19)
    at process.emit (node:events:530:35)
    at process.emit (node:domain:489:12)
    at process.emit.sharedData.processEmitHook.installedValue [as emit] (C:\Users\jimen\Documents\AZ\CodeFiles\CodeProyects\JavaScript Proyects\FinanzasHogar\Server\node_modules\@cspotcode\source-map-support\source-map-support.js:745:40)
    at process._fatalException (node:internal/process/execution:191:25)
TSError: ⨯ Unable to compile TypeScript:
src/JFramework/Translations/TranslatorHandler.ts(57,19): error TS7053: Element implicitly has an 'any' type because expression of type '"hours" | "activar" | "activar-cuenta" | "apikey-invalido" | "apikey-no-definido" | "bienvenido-a" | "cuenta-creada-exitosamente" | "hola" | "minutes" | "seconds" | "milliseconds" | ... 26 more ... | "rate-limiter-invalid"' can't be used to index type '{ readonly activar: "Activar"; readonly "activar-cuenta": "Activar Cuenta"; readonly "apikey-invalido": "El API Key {0} ingresado es invalido"; readonly "apikey-no-definido": "API key faltante. Por favor, proporcione una API key válida para acceder a este recurso."; ... 32 more ...; readonly "rate-limiter-invalid": ...'.
  Property 'hours' does not exist on type '{ readonly activar: "Activar"; readonly "activar-cuenta": "Activar Cuenta"; readonly "apikey-invalido": "El API Key {0} ingresado es invalido"; readonly "apikey-no-definido": "API key faltante. Por favor, proporcione una API key válida para acceder a este recurso."; ... 32 more ...; readonly "rate-limiter-invalid": ...'.

    at createTSError (C:\Users\jimen\Documents\AZ\CodeFiles\CodeProyects\JavaScript Proyects\FinanzasHogar\Server\node_modules\ts-node\src\index.ts:859:12)
    at reportTSError (C:\Users\jimen\Documents\AZ\CodeFiles\CodeProyects\JavaScript Proyects\FinanzasHogar\Server\node_modules\ts-node\src\index.ts:863:19)
    at getOutput (C:\Users\jimen\Documents\AZ\CodeFiles\CodeProyects\JavaScript Proyects\FinanzasHogar\Server\node_modules\ts-node\src\index.ts:1077:36)
    at Object.compile (C:\Users\jimen\Documents\AZ\CodeFiles\CodeProyects\JavaScript Proyects\FinanzasHogar\Server\node_modules\ts-node\src\index.ts:1433:41)
    at Module.m._compile (C:\Users\jimen\Documents\AZ\CodeFiles\CodeProyects\JavaScript Proyects\FinanzasHogar\Server\node_modules\ts-node\src\index.ts:1617:30)
    at node:internal/modules/cjs/loader:1689:10
    at Object.require.extensions.<computed> [as .ts] (C:\Users\jimen\Documents\AZ\CodeFiles\CodeProyects\JavaScript Proyects\FinanzasHogar\Server\node_modules\ts-node\src\index.ts:1621:12)
    at Module.load (node:internal/modules/cjs/loader:1318:32)
    at Function._load (node:internal/modules/cjs/loader:1128:12)
    at TracingChannel.traceSync (node:diagnostics_channel:315:14)
Channel is already closed can't broadcast error:
TypeError: Converting circular structure to JSON
    --> starting at object with constructor 'SourceFileObject'
    |     property 'statements' -> object with constructor 'Array'
    |     index 0 -> object with constructor 'NodeObject'
    --- property 'parent' closes the circle
    at stringify (<anonymous>)
    at writeChannelMessage (node:internal/child_process/serialization:159:20)
    at process.target._send (node:internal/child_process:851:17)
    at process.target.send (node:internal/child_process:751:19)
    at process.send (C:\Users\jimen\Documents\AZ\CodeFiles\CodeProyects\JavaScript Proyects\FinanzasHogar\Server\node_modules\pm2\lib\ProcessContainer.js:52:21)
    at process.uncaughtListener (C:\Users\jimen\Documents\AZ\CodeFiles\CodeProyects\JavaScript Proyects\FinanzasHogar\Server\node_modules\pm2\lib\ProcessContainer.js:276:19)
    at process.emit (node:events:530:35)
    at process.emit (node:domain:489:12)
    at process.emit.sharedData.processEmitHook.installedValue [as emit] (C:\Users\jimen\Documents\AZ\CodeFiles\CodeProyects\JavaScript Proyects\FinanzasHogar\Server\node_modules\@cspotcode\source-map-support\source-map-support.js:745:40)
    at process._fatalException (node:internal/process/execution:191:25)
TSError: ⨯ Unable to compile TypeScript:
src/JFramework/Translations/TranslatorHandler.ts(57,19): error TS7053: Element implicitly has an 'any' type because expression of type '"days" | "hours" | "activar" | "activar-cuenta" | "apikey-invalido" | "apikey-no-definido" | "bienvenido-a" | "cuenta-creada-exitosamente" | "hola" | "minutes" | "seconds" | ... 27 more ... | "rate-limiter-invalid"' can't be used to index type '{ readonly activar: "Activar"; readonly "activar-cuenta": "Activar Cuenta"; readonly "apikey-invalido": "El API Key {0} ingresado es invalido"; readonly "apikey-no-definido": "API key faltante. Por favor, proporcione una API key válida para acceder a este recurso."; ... 32 more ...; readonly "rate-limiter-invalid": ...'.
  Property 'days' does not exist on type '{ readonly activar: "Activar"; readonly "activar-cuenta": "Activar Cuenta"; readonly "apikey-invalido": "El API Key {0} ingresado es invalido"; readonly "apikey-no-definido": "API key faltante. Por favor, proporcione una API key válida para acceder a este recurso."; ... 32 more ...; readonly "rate-limiter-invalid": ...'.

    at createTSError (C:\Users\jimen\Documents\AZ\CodeFiles\CodeProyects\JavaScript Proyects\FinanzasHogar\Server\node_modules\ts-node\src\index.ts:859:12)
    at reportTSError (C:\Users\jimen\Documents\AZ\CodeFiles\CodeProyects\JavaScript Proyects\FinanzasHogar\Server\node_modules\ts-node\src\index.ts:863:19)
    at getOutput (C:\Users\jimen\Documents\AZ\CodeFiles\CodeProyects\JavaScript Proyects\FinanzasHogar\Server\node_modules\ts-node\src\index.ts:1077:36)
    at Object.compile (C:\Users\jimen\Documents\AZ\CodeFiles\CodeProyects\JavaScript Proyects\FinanzasHogar\Server\node_modules\ts-node\src\index.ts:1433:41)
    at Module.m._compile (C:\Users\jimen\Documents\AZ\CodeFiles\CodeProyects\JavaScript Proyects\FinanzasHogar\Server\node_modules\ts-node\src\index.ts:1617:30)
    at node:internal/modules/cjs/loader:1689:10
    at Object.require.extensions.<computed> [as .ts] (C:\Users\jimen\Documents\AZ\CodeFiles\CodeProyects\JavaScript Proyects\FinanzasHogar\Server\node_modules\ts-node\src\index.ts:1621:12)
    at Module.load (node:internal/modules/cjs/loader:1318:32)
    at Function._load (node:internal/modules/cjs/loader:1128:12)
    at TracingChannel.traceSync (node:diagnostics_channel:315:14)
Channel is already closed can't broadcast error:
TypeError: Converting circular structure to JSON
    --> starting at object with constructor 'SourceFileObject'
    |     property 'statements' -> object with constructor 'Array'
    |     index 0 -> object with constructor 'NodeObject'
    --- property 'parent' closes the circle
    at stringify (<anonymous>)
    at writeChannelMessage (node:internal/child_process/serialization:159:20)
    at process.target._send (node:internal/child_process:851:17)
    at process.target.send (node:internal/child_process:751:19)
    at process.send (C:\Users\jimen\Documents\AZ\CodeFiles\CodeProyects\JavaScript Proyects\FinanzasHogar\Server\node_modules\pm2\lib\ProcessContainer.js:52:21)
    at process.uncaughtListener (C:\Users\jimen\Documents\AZ\CodeFiles\CodeProyects\JavaScript Proyects\FinanzasHogar\Server\node_modules\pm2\lib\ProcessContainer.js:276:19)
    at process.emit (node:events:530:35)
    at process.emit (node:domain:489:12)
    at process.emit.sharedData.processEmitHook.installedValue [as emit] (C:\Users\jimen\Documents\AZ\CodeFiles\CodeProyects\JavaScript Proyects\FinanzasHogar\Server\node_modules\@cspotcode\source-map-support\source-map-support.js:745:40)
    at process._fatalException (node:internal/process/execution:191:25)
TSError: ⨯ Unable to compile TypeScript:
src/JFramework/Security/RateLimiter/RateLimiterManager.ts(84,9): error TS2345: Argument of type 'number' is not assignable to parameter of type '(string | number)[]'.

    at createTSError (C:\Users\jimen\Documents\AZ\CodeFiles\CodeProyects\JavaScript Proyects\FinanzasHogar\Server\node_modules\ts-node\src\index.ts:859:12)
    at reportTSError (C:\Users\jimen\Documents\AZ\CodeFiles\CodeProyects\JavaScript Proyects\FinanzasHogar\Server\node_modules\ts-node\src\index.ts:863:19)
    at getOutput (C:\Users\jimen\Documents\AZ\CodeFiles\CodeProyects\JavaScript Proyects\FinanzasHogar\Server\node_modules\ts-node\src\index.ts:1077:36)
    at Object.compile (C:\Users\jimen\Documents\AZ\CodeFiles\CodeProyects\JavaScript Proyects\FinanzasHogar\Server\node_modules\ts-node\src\index.ts:1433:41)
    at Module.m._compile (C:\Users\jimen\Documents\AZ\CodeFiles\CodeProyects\JavaScript Proyects\FinanzasHogar\Server\node_modules\ts-node\src\index.ts:1617:30)
    at node:internal/modules/cjs/loader:1689:10
    at Object.require.extensions.<computed> [as .ts] (C:\Users\jimen\Documents\AZ\CodeFiles\CodeProyects\JavaScript Proyects\FinanzasHogar\Server\node_modules\ts-node\src\index.ts:1621:12)
    at Module.load (node:internal/modules/cjs/loader:1318:32)
    at Function._load (node:internal/modules/cjs/loader:1128:12)
    at TracingChannel.traceSync (node:diagnostics_channel:315:14)
Channel is already closed can't broadcast error:
TypeError: Converting circular structure to JSON
    --> starting at object with constructor 'SourceFileObject'
    |     property 'statements' -> object with constructor 'Array'
    |     index 0 -> object with constructor 'NodeObject'
    --- property 'parent' closes the circle
    at stringify (<anonymous>)
    at writeChannelMessage (node:internal/child_process/serialization:159:20)
    at process.target._send (node:internal/child_process:851:17)
    at process.target.send (node:internal/child_process:751:19)
    at process.send (C:\Users\jimen\Documents\AZ\CodeFiles\CodeProyects\JavaScript Proyects\FinanzasHogar\Server\node_modules\pm2\lib\ProcessContainer.js:52:21)
    at process.uncaughtListener (C:\Users\jimen\Documents\AZ\CodeFiles\CodeProyects\JavaScript Proyects\FinanzasHogar\Server\node_modules\pm2\lib\ProcessContainer.js:276:19)
    at process.emit (node:events:530:35)
    at process.emit (node:domain:489:12)
    at process.emit.sharedData.processEmitHook.installedValue [as emit] (C:\Users\jimen\Documents\AZ\CodeFiles\CodeProyects\JavaScript Proyects\FinanzasHogar\Server\node_modules\@cspotcode\source-map-support\source-map-support.js:745:40)
    at process._fatalException (node:internal/process/execution:191:25)
TSError: ⨯ Unable to compile TypeScript:
src/JFramework/Security/RateLimiter/RateLimiterManager.ts(84,9): error TS2345: Argument of type 'number' is not assignable to parameter of type '(string | number)[]'.

    at createTSError (C:\Users\jimen\Documents\AZ\CodeFiles\CodeProyects\JavaScript Proyects\FinanzasHogar\Server\node_modules\ts-node\src\index.ts:859:12)
    at reportTSError (C:\Users\jimen\Documents\AZ\CodeFiles\CodeProyects\JavaScript Proyects\FinanzasHogar\Server\node_modules\ts-node\src\index.ts:863:19)
    at getOutput (C:\Users\jimen\Documents\AZ\CodeFiles\CodeProyects\JavaScript Proyects\FinanzasHogar\Server\node_modules\ts-node\src\index.ts:1077:36)
    at Object.compile (C:\Users\jimen\Documents\AZ\CodeFiles\CodeProyects\JavaScript Proyects\FinanzasHogar\Server\node_modules\ts-node\src\index.ts:1433:41)
    at Module.m._compile (C:\Users\jimen\Documents\AZ\CodeFiles\CodeProyects\JavaScript Proyects\FinanzasHogar\Server\node_modules\ts-node\src\index.ts:1617:30)
    at node:internal/modules/cjs/loader:1689:10
    at Object.require.extensions.<computed> [as .ts] (C:\Users\jimen\Documents\AZ\CodeFiles\CodeProyects\JavaScript Proyects\FinanzasHogar\Server\node_modules\ts-node\src\index.ts:1621:12)
    at Module.load (node:internal/modules/cjs/loader:1318:32)
    at Function._load (node:internal/modules/cjs/loader:1128:12)
    at TracingChannel.traceSync (node:diagnostics_channel:315:14)
Channel is already closed can't broadcast error:
TypeError: Converting circular structure to JSON
    --> starting at object with constructor 'SourceFileObject'
    |     property 'statements' -> object with constructor 'Array'
    |     index 0 -> object with constructor 'NodeObject'
    --- property 'parent' closes the circle
    at stringify (<anonymous>)
    at writeChannelMessage (node:internal/child_process/serialization:159:20)
    at process.target._send (node:internal/child_process:851:17)
    at process.target.send (node:internal/child_process:751:19)
    at process.send (C:\Users\jimen\Documents\AZ\CodeFiles\CodeProyects\JavaScript Proyects\FinanzasHogar\Server\node_modules\pm2\lib\ProcessContainer.js:52:21)
    at process.uncaughtListener (C:\Users\jimen\Documents\AZ\CodeFiles\CodeProyects\JavaScript Proyects\FinanzasHogar\Server\node_modules\pm2\lib\ProcessContainer.js:276:19)
    at process.emit (node:events:530:35)
    at process.emit (node:domain:489:12)
    at process.emit.sharedData.processEmitHook.installedValue [as emit] (C:\Users\jimen\Documents\AZ\CodeFiles\CodeProyects\JavaScript Proyects\FinanzasHogar\Server\node_modules\@cspotcode\source-map-support\source-map-support.js:745:40)
    at process._fatalException (node:internal/process/execution:191:25)
TSError: ⨯ Unable to compile TypeScript:
src/JFramework/Security/RateLimiter/RateLimiterManager.ts(84,9): error TS2345: Argument of type 'number' is not assignable to parameter of type '(string | number)[]'.

    at createTSError (C:\Users\jimen\Documents\AZ\CodeFiles\CodeProyects\JavaScript Proyects\FinanzasHogar\Server\node_modules\ts-node\src\index.ts:859:12)
    at reportTSError (C:\Users\jimen\Documents\AZ\CodeFiles\CodeProyects\JavaScript Proyects\FinanzasHogar\Server\node_modules\ts-node\src\index.ts:863:19)
    at getOutput (C:\Users\jimen\Documents\AZ\CodeFiles\CodeProyects\JavaScript Proyects\FinanzasHogar\Server\node_modules\ts-node\src\index.ts:1077:36)
    at Object.compile (C:\Users\jimen\Documents\AZ\CodeFiles\CodeProyects\JavaScript Proyects\FinanzasHogar\Server\node_modules\ts-node\src\index.ts:1433:41)
    at Module.m._compile (C:\Users\jimen\Documents\AZ\CodeFiles\CodeProyects\JavaScript Proyects\FinanzasHogar\Server\node_modules\ts-node\src\index.ts:1617:30)
    at node:internal/modules/cjs/loader:1689:10
    at Object.require.extensions.<computed> [as .ts] (C:\Users\jimen\Documents\AZ\CodeFiles\CodeProyects\JavaScript Proyects\FinanzasHogar\Server\node_modules\ts-node\src\index.ts:1621:12)
    at Module.load (node:internal/modules/cjs/loader:1318:32)
    at Function._load (node:internal/modules/cjs/loader:1128:12)
    at TracingChannel.traceSync (node:diagnostics_channel:315:14)
Channel is already closed can't broadcast error:
TypeError: Converting circular structure to JSON
    --> starting at object with constructor 'SourceFileObject'
    |     property 'statements' -> object with constructor 'Array'
    |     index 0 -> object with constructor 'NodeObject'
    --- property 'parent' closes the circle
    at stringify (<anonymous>)
    at writeChannelMessage (node:internal/child_process/serialization:159:20)
    at process.target._send (node:internal/child_process:851:17)
    at process.target.send (node:internal/child_process:751:19)
    at process.send (C:\Users\jimen\Documents\AZ\CodeFiles\CodeProyects\JavaScript Proyects\FinanzasHogar\Server\node_modules\pm2\lib\ProcessContainer.js:52:21)
    at process.uncaughtListener (C:\Users\jimen\Documents\AZ\CodeFiles\CodeProyects\JavaScript Proyects\FinanzasHogar\Server\node_modules\pm2\lib\ProcessContainer.js:276:19)
    at process.emit (node:events:530:35)
    at process.emit (node:domain:489:12)
    at process.emit.sharedData.processEmitHook.installedValue [as emit] (C:\Users\jimen\Documents\AZ\CodeFiles\CodeProyects\JavaScript Proyects\FinanzasHogar\Server\node_modules\@cspotcode\source-map-support\source-map-support.js:745:40)
    at process._fatalException (node:internal/process/execution:191:25)
TSError: ⨯ Unable to compile TypeScript:
src/JFramework/Security/RateLimiter/RateLimiterManager.ts(84,9): error TS2345: Argument of type 'number' is not assignable to parameter of type '(string | number)[]'.

    at createTSError (C:\Users\jimen\Documents\AZ\CodeFiles\CodeProyects\JavaScript Proyects\FinanzasHogar\Server\node_modules\ts-node\src\index.ts:859:12)
    at reportTSError (C:\Users\jimen\Documents\AZ\CodeFiles\CodeProyects\JavaScript Proyects\FinanzasHogar\Server\node_modules\ts-node\src\index.ts:863:19)
    at getOutput (C:\Users\jimen\Documents\AZ\CodeFiles\CodeProyects\JavaScript Proyects\FinanzasHogar\Server\node_modules\ts-node\src\index.ts:1077:36)
    at Object.compile (C:\Users\jimen\Documents\AZ\CodeFiles\CodeProyects\JavaScript Proyects\FinanzasHogar\Server\node_modules\ts-node\src\index.ts:1433:41)
    at Module.m._compile (C:\Users\jimen\Documents\AZ\CodeFiles\CodeProyects\JavaScript Proyects\FinanzasHogar\Server\node_modules\ts-node\src\index.ts:1617:30)
    at node:internal/modules/cjs/loader:1689:10
    at Object.require.extensions.<computed> [as .ts] (C:\Users\jimen\Documents\AZ\CodeFiles\CodeProyects\JavaScript Proyects\FinanzasHogar\Server\node_modules\ts-node\src\index.ts:1621:12)
    at Module.load (node:internal/modules/cjs/loader:1318:32)
    at Function._load (node:internal/modules/cjs/loader:1128:12)
    at TracingChannel.traceSync (node:diagnostics_channel:315:14)
Channel is already closed can't broadcast error:
TypeError: Converting circular structure to JSON
    --> starting at object with constructor 'SourceFileObject'
    |     property 'statements' -> object with constructor 'Array'
    |     index 0 -> object with constructor 'NodeObject'
    --- property 'parent' closes the circle
    at stringify (<anonymous>)
    at writeChannelMessage (node:internal/child_process/serialization:159:20)
    at process.target._send (node:internal/child_process:851:17)
    at process.target.send (node:internal/child_process:751:19)
    at process.send (C:\Users\jimen\Documents\AZ\CodeFiles\CodeProyects\JavaScript Proyects\FinanzasHogar\Server\node_modules\pm2\lib\ProcessContainer.js:52:21)
    at process.uncaughtListener (C:\Users\jimen\Documents\AZ\CodeFiles\CodeProyects\JavaScript Proyects\FinanzasHogar\Server\node_modules\pm2\lib\ProcessContainer.js:276:19)
    at process.emit (node:events:530:35)
    at process.emit (node:domain:489:12)
    at process.emit.sharedData.processEmitHook.installedValue [as emit] (C:\Users\jimen\Documents\AZ\CodeFiles\CodeProyects\JavaScript Proyects\FinanzasHogar\Server\node_modules\@cspotcode\source-map-support\source-map-support.js:745:40)
    at process._fatalException (node:internal/process/execution:191:25)
TSError: ⨯ Unable to compile TypeScript:
src/JFramework/Security/RateLimiter/Limiters.ts(18,14): error TS2739: Type '{ slowLimiter: { windowMs: number; max: number; standardHeaders: true; legacyHeaders: false; }; generalLimiter: { windowMs: any; max: number; standardHeaders: true; legacyHeaders: false; }; }' is missing the following properties from type 'Record<Limiters, Partial<Options>>': authLimiter, contactFormLimiter, resourceHeavyLimiter
src/JFramework/Security/RateLimiter/Limiters.ts(26,31): error TS2551: Property 'toMilliseconds' does not exist on type 'typeof TimeUnitConverter'. Did you mean 'ToMilliseconds'?

    at createTSError (C:\Users\jimen\Documents\AZ\CodeFiles\CodeProyects\JavaScript Proyects\FinanzasHogar\Server\node_modules\ts-node\src\index.ts:859:12)
    at reportTSError (C:\Users\jimen\Documents\AZ\CodeFiles\CodeProyects\JavaScript Proyects\FinanzasHogar\Server\node_modules\ts-node\src\index.ts:863:19)
    at getOutput (C:\Users\jimen\Documents\AZ\CodeFiles\CodeProyects\JavaScript Proyects\FinanzasHogar\Server\node_modules\ts-node\src\index.ts:1077:36)
    at Object.compile (C:\Users\jimen\Documents\AZ\CodeFiles\CodeProyects\JavaScript Proyects\FinanzasHogar\Server\node_modules\ts-node\src\index.ts:1433:41)
    at Module.m._compile (C:\Users\jimen\Documents\AZ\CodeFiles\CodeProyects\JavaScript Proyects\FinanzasHogar\Server\node_modules\ts-node\src\index.ts:1617:30)
    at node:internal/modules/cjs/loader:1689:10
    at Object.require.extensions.<computed> [as .ts] (C:\Users\jimen\Documents\AZ\CodeFiles\CodeProyects\JavaScript Proyects\FinanzasHogar\Server\node_modules\ts-node\src\index.ts:1621:12)
    at Module.load (node:internal/modules/cjs/loader:1318:32)
    at Function._load (node:internal/modules/cjs/loader:1128:12)
    at TracingChannel.traceSync (node:diagnostics_channel:315:14)
Channel is already closed can't broadcast error:
TypeError: Converting circular structure to JSON
    --> starting at object with constructor 'SourceFileObject'
    |     property 'statements' -> object with constructor 'Array'
    |     index 0 -> object with constructor 'NodeObject'
    --- property 'parent' closes the circle
    at stringify (<anonymous>)
    at writeChannelMessage (node:internal/child_process/serialization:159:20)
    at process.target._send (node:internal/child_process:851:17)
    at process.target.send (node:internal/child_process:751:19)
    at process.send (C:\Users\jimen\Documents\AZ\CodeFiles\CodeProyects\JavaScript Proyects\FinanzasHogar\Server\node_modules\pm2\lib\ProcessContainer.js:52:21)
    at process.uncaughtListener (C:\Users\jimen\Documents\AZ\CodeFiles\CodeProyects\JavaScript Proyects\FinanzasHogar\Server\node_modules\pm2\lib\ProcessContainer.js:276:19)
    at process.emit (node:events:530:35)
    at process.emit (node:domain:489:12)
    at process.emit.sharedData.processEmitHook.installedValue [as emit] (C:\Users\jimen\Documents\AZ\CodeFiles\CodeProyects\JavaScript Proyects\FinanzasHogar\Server\node_modules\@cspotcode\source-map-support\source-map-support.js:745:40)
    at process._fatalException (node:internal/process/execution:191:25)
TSError: ⨯ Unable to compile TypeScript:
src/JFramework/Managers/ServiceManager.ts(218,15): error TS2554: Expected 2 arguments, but got 1.

    at createTSError (C:\Users\jimen\Documents\AZ\CodeFiles\CodeProyects\JavaScript Proyects\FinanzasHogar\Server\node_modules\ts-node\src\index.ts:859:12)
    at reportTSError (C:\Users\jimen\Documents\AZ\CodeFiles\CodeProyects\JavaScript Proyects\FinanzasHogar\Server\node_modules\ts-node\src\index.ts:863:19)
    at getOutput (C:\Users\jimen\Documents\AZ\CodeFiles\CodeProyects\JavaScript Proyects\FinanzasHogar\Server\node_modules\ts-node\src\index.ts:1077:36)
    at Object.compile (C:\Users\jimen\Documents\AZ\CodeFiles\CodeProyects\JavaScript Proyects\FinanzasHogar\Server\node_modules\ts-node\src\index.ts:1433:41)
    at Module.m._compile (C:\Users\jimen\Documents\AZ\CodeFiles\CodeProyects\JavaScript Proyects\FinanzasHogar\Server\node_modules\ts-node\src\index.ts:1617:30)
    at node:internal/modules/cjs/loader:1689:10
    at Object.require.extensions.<computed> [as .ts] (C:\Users\jimen\Documents\AZ\CodeFiles\CodeProyects\JavaScript Proyects\FinanzasHogar\Server\node_modules\ts-node\src\index.ts:1621:12)
    at Module.load (node:internal/modules/cjs/loader:1318:32)
    at Function._load (node:internal/modules/cjs/loader:1128:12)
    at TracingChannel.traceSync (node:diagnostics_channel:315:14)
Channel is already closed can't broadcast error:
TypeError: Converting circular structure to JSON
    --> starting at object with constructor 'SourceFileObject'
    |     property 'statements' -> object with constructor 'Array'
    |     index 0 -> object with constructor 'NodeObject'
    --- property 'parent' closes the circle
    at stringify (<anonymous>)
    at writeChannelMessage (node:internal/child_process/serialization:159:20)
    at process.target._send (node:internal/child_process:851:17)
    at process.target.send (node:internal/child_process:751:19)
    at process.send (C:\Users\jimen\Documents\AZ\CodeFiles\CodeProyects\JavaScript Proyects\FinanzasHogar\Server\node_modules\pm2\lib\ProcessContainer.js:52:21)
    at process.uncaughtListener (C:\Users\jimen\Documents\AZ\CodeFiles\CodeProyects\JavaScript Proyects\FinanzasHogar\Server\node_modules\pm2\lib\ProcessContainer.js:276:19)
    at process.emit (node:events:530:35)
    at process.emit (node:domain:489:12)
    at process.emit.sharedData.processEmitHook.installedValue [as emit] (C:\Users\jimen\Documents\AZ\CodeFiles\CodeProyects\JavaScript Proyects\FinanzasHogar\Server\node_modules\@cspotcode\source-map-support\source-map-support.js:745:40)
    at process._fatalException (node:internal/process/execution:191:25)
TSError: ⨯ Unable to compile TypeScript:
src/JFramework/Security/RateLimiter/RateLimiterManager.ts(36,11): error TS2564: Property 'limiterName' has no initializer and is not definitely assigned in the constructor.

    at createTSError (C:\Users\jimen\Documents\AZ\CodeFiles\CodeProyects\JavaScript Proyects\FinanzasHogar\Server\node_modules\ts-node\src\index.ts:859:12)
    at reportTSError (C:\Users\jimen\Documents\AZ\CodeFiles\CodeProyects\JavaScript Proyects\FinanzasHogar\Server\node_modules\ts-node\src\index.ts:863:19)
    at getOutput (C:\Users\jimen\Documents\AZ\CodeFiles\CodeProyects\JavaScript Proyects\FinanzasHogar\Server\node_modules\ts-node\src\index.ts:1077:36)
    at Object.compile (C:\Users\jimen\Documents\AZ\CodeFiles\CodeProyects\JavaScript Proyects\FinanzasHogar\Server\node_modules\ts-node\src\index.ts:1433:41)
    at Module.m._compile (C:\Users\jimen\Documents\AZ\CodeFiles\CodeProyects\JavaScript Proyects\FinanzasHogar\Server\node_modules\ts-node\src\index.ts:1617:30)
    at node:internal/modules/cjs/loader:1689:10
    at Object.require.extensions.<computed> [as .ts] (C:\Users\jimen\Documents\AZ\CodeFiles\CodeProyects\JavaScript Proyects\FinanzasHogar\Server\node_modules\ts-node\src\index.ts:1621:12)
    at Module.load (node:internal/modules/cjs/loader:1318:32)
    at Function._load (node:internal/modules/cjs/loader:1128:12)
    at TracingChannel.traceSync (node:diagnostics_channel:315:14)
Channel is already closed can't broadcast error:
TypeError: Converting circular structure to JSON
    --> starting at object with constructor 'SourceFileObject'
    |     property 'statements' -> object with constructor 'Array'
    |     index 0 -> object with constructor 'NodeObject'
    --- property 'parent' closes the circle
    at stringify (<anonymous>)
    at writeChannelMessage (node:internal/child_process/serialization:159:20)
    at process.target._send (node:internal/child_process:851:17)
    at process.target.send (node:internal/child_process:751:19)
    at process.send (C:\Users\jimen\Documents\AZ\CodeFiles\CodeProyects\JavaScript Proyects\FinanzasHogar\Server\node_modules\pm2\lib\ProcessContainer.js:52:21)
    at process.uncaughtListener (C:\Users\jimen\Documents\AZ\CodeFiles\CodeProyects\JavaScript Proyects\FinanzasHogar\Server\node_modules\pm2\lib\ProcessContainer.js:276:19)
    at process.emit (node:events:530:35)
    at process.emit (node:domain:489:12)
    at process.emit.sharedData.processEmitHook.installedValue [as emit] (C:\Users\jimen\Documents\AZ\CodeFiles\CodeProyects\JavaScript Proyects\FinanzasHogar\Server\node_modules\@cspotcode\source-map-support\source-map-support.js:745:40)
    at process._fatalException (node:internal/process/execution:191:25)
TSError: ⨯ Unable to compile TypeScript:
src/JFramework/ErrorHandling/Exceptions.ts(105,5): error TS18048: 'applicationContext' is possibly 'undefined'.

    at createTSError (C:\Users\jimen\Documents\AZ\CodeFiles\CodeProyects\JavaScript Proyects\FinanzasHogar\Server\node_modules\ts-node\src\index.ts:859:12)
    at reportTSError (C:\Users\jimen\Documents\AZ\CodeFiles\CodeProyects\JavaScript Proyects\FinanzasHogar\Server\node_modules\ts-node\src\index.ts:863:19)
    at getOutput (C:\Users\jimen\Documents\AZ\CodeFiles\CodeProyects\JavaScript Proyects\FinanzasHogar\Server\node_modules\ts-node\src\index.ts:1077:36)
    at Object.compile (C:\Users\jimen\Documents\AZ\CodeFiles\CodeProyects\JavaScript Proyects\FinanzasHogar\Server\node_modules\ts-node\src\index.ts:1433:41)
    at Module.m._compile (C:\Users\jimen\Documents\AZ\CodeFiles\CodeProyects\JavaScript Proyects\FinanzasHogar\Server\node_modules\ts-node\src\index.ts:1617:30)
    at node:internal/modules/cjs/loader:1689:10
    at Object.require.extensions.<computed> [as .ts] (C:\Users\jimen\Documents\AZ\CodeFiles\CodeProyects\JavaScript Proyects\FinanzasHogar\Server\node_modules\ts-node\src\index.ts:1621:12)
    at Module.load (node:internal/modules/cjs/loader:1318:32)
    at Function._load (node:internal/modules/cjs/loader:1128:12)
    at TracingChannel.traceSync (node:diagnostics_channel:315:14)
Channel is already closed can't broadcast error:
TypeError: Converting circular structure to JSON
    --> starting at object with constructor 'SourceFileObject'
    |     property 'statements' -> object with constructor 'Array'
    |     index 0 -> object with constructor 'NodeObject'
    --- property 'parent' closes the circle
    at stringify (<anonymous>)
    at writeChannelMessage (node:internal/child_process/serialization:159:20)
    at process.target._send (node:internal/child_process:851:17)
    at process.target.send (node:internal/child_process:751:19)
    at process.send (C:\Users\jimen\Documents\AZ\CodeFiles\CodeProyects\JavaScript Proyects\FinanzasHogar\Server\node_modules\pm2\lib\ProcessContainer.js:52:21)
    at process.uncaughtListener (C:\Users\jimen\Documents\AZ\CodeFiles\CodeProyects\JavaScript Proyects\FinanzasHogar\Server\node_modules\pm2\lib\ProcessContainer.js:276:19)
    at process.emit (node:events:530:35)
    at process.emit (node:domain:489:12)
    at process.emit.sharedData.processEmitHook.installedValue [as emit] (C:\Users\jimen\Documents\AZ\CodeFiles\CodeProyects\JavaScript Proyects\FinanzasHogar\Server\node_modules\@cspotcode\source-map-support\source-map-support.js:745:40)
    at process._fatalException (node:internal/process/execution:191:25)
TSError: ⨯ Unable to compile TypeScript:
src/JFramework/ErrorHandling/Exceptions.ts(102,20): error TS2663: Cannot find name 'message'. Did you mean the instance member 'this.message'?
src/JFramework/ErrorHandling/Exceptions.ts(104,5): error TS18048: 'applicationContext' is possibly 'undefined'.
src/JFramework/ErrorHandling/Exceptions.ts(104,66): error TS2304: Cannot find name 'translateValues'.

    at createTSError (C:\Users\jimen\Documents\AZ\CodeFiles\CodeProyects\JavaScript Proyects\FinanzasHogar\Server\node_modules\ts-node\src\index.ts:859:12)
    at reportTSError (C:\Users\jimen\Documents\AZ\CodeFiles\CodeProyects\JavaScript Proyects\FinanzasHogar\Server\node_modules\ts-node\src\index.ts:863:19)
    at getOutput (C:\Users\jimen\Documents\AZ\CodeFiles\CodeProyects\JavaScript Proyects\FinanzasHogar\Server\node_modules\ts-node\src\index.ts:1077:36)
    at Object.compile (C:\Users\jimen\Documents\AZ\CodeFiles\CodeProyects\JavaScript Proyects\FinanzasHogar\Server\node_modules\ts-node\src\index.ts:1433:41)
    at Module.m._compile (C:\Users\jimen\Documents\AZ\CodeFiles\CodeProyects\JavaScript Proyects\FinanzasHogar\Server\node_modules\ts-node\src\index.ts:1617:30)
    at node:internal/modules/cjs/loader:1689:10
    at Object.require.extensions.<computed> [as .ts] (C:\Users\jimen\Documents\AZ\CodeFiles\CodeProyects\JavaScript Proyects\FinanzasHogar\Server\node_modules\ts-node\src\index.ts:1621:12)
    at Module.load (node:internal/modules/cjs/loader:1318:32)
    at Function._load (node:internal/modules/cjs/loader:1128:12)
    at TracingChannel.traceSync (node:diagnostics_channel:315:14)
Channel is already closed can't broadcast error:
TypeError: Converting circular structure to JSON
    --> starting at object with constructor 'SourceFileObject'
    |     property 'statements' -> object with constructor 'Array'
    |     index 0 -> object with constructor 'NodeObject'
    --- property 'parent' closes the circle
    at stringify (<anonymous>)
    at writeChannelMessage (node:internal/child_process/serialization:159:20)
    at process.target._send (node:internal/child_process:851:17)
    at process.target.send (node:internal/child_process:751:19)
    at process.send (C:\Users\jimen\Documents\AZ\CodeFiles\CodeProyects\JavaScript Proyects\FinanzasHogar\Server\node_modules\pm2\lib\ProcessContainer.js:52:21)
    at process.uncaughtListener (C:\Users\jimen\Documents\AZ\CodeFiles\CodeProyects\JavaScript Proyects\FinanzasHogar\Server\node_modules\pm2\lib\ProcessContainer.js:276:19)
    at process.emit (node:events:530:35)
    at process.emit (node:domain:489:12)
    at process.emit.sharedData.processEmitHook.installedValue [as emit] (C:\Users\jimen\Documents\AZ\CodeFiles\CodeProyects\JavaScript Proyects\FinanzasHogar\Server\node_modules\@cspotcode\source-map-support\source-map-support.js:745:40)
    at process._fatalException (node:internal/process/execution:191:25)
TSError: ⨯ Unable to compile TypeScript:
src/JFramework/Security/RateLimiter/RateLimiterManager.ts(95,9): error TS2345: Argument of type '(number | "days" | "hours" | "minutes" | "seconds" | "milliseconds")[]' is not assignable to parameter of type 'ErrorMessageData'.
  Property 'message' is missing in type '(number | "days" | "hours" | "minutes" | "seconds" | "milliseconds")[]' but required in type 'ErrorMessageData'.

    at createTSError (C:\Users\jimen\Documents\AZ\CodeFiles\CodeProyects\JavaScript Proyects\FinanzasHogar\Server\node_modules\ts-node\src\index.ts:859:12)
    at reportTSError (C:\Users\jimen\Documents\AZ\CodeFiles\CodeProyects\JavaScript Proyects\FinanzasHogar\Server\node_modules\ts-node\src\index.ts:863:19)
    at getOutput (C:\Users\jimen\Documents\AZ\CodeFiles\CodeProyects\JavaScript Proyects\FinanzasHogar\Server\node_modules\ts-node\src\index.ts:1077:36)
    at Object.compile (C:\Users\jimen\Documents\AZ\CodeFiles\CodeProyects\JavaScript Proyects\FinanzasHogar\Server\node_modules\ts-node\src\index.ts:1433:41)
    at Module.m._compile (C:\Users\jimen\Documents\AZ\CodeFiles\CodeProyects\JavaScript Proyects\FinanzasHogar\Server\node_modules\ts-node\src\index.ts:1617:30)
    at node:internal/modules/cjs/loader:1689:10
    at Object.require.extensions.<computed> [as .ts] (C:\Users\jimen\Documents\AZ\CodeFiles\CodeProyects\JavaScript Proyects\FinanzasHogar\Server\node_modules\ts-node\src\index.ts:1621:12)
    at Module.load (node:internal/modules/cjs/loader:1318:32)
    at Function._load (node:internal/modules/cjs/loader:1128:12)
    at TracingChannel.traceSync (node:diagnostics_channel:315:14)
Channel is already closed can't broadcast error:
TypeError: Converting circular structure to JSON
    --> starting at object with constructor 'SourceFileObject'
    |     property 'statements' -> object with constructor 'Array'
    |     index 0 -> object with constructor 'NodeObject'
    --- property 'parent' closes the circle
    at stringify (<anonymous>)
    at writeChannelMessage (node:internal/child_process/serialization:159:20)
    at process.target._send (node:internal/child_process:851:17)
    at process.target.send (node:internal/child_process:751:19)
    at process.send (C:\Users\jimen\Documents\AZ\CodeFiles\CodeProyects\JavaScript Proyects\FinanzasHogar\Server\node_modules\pm2\lib\ProcessContainer.js:52:21)
    at process.uncaughtListener (C:\Users\jimen\Documents\AZ\CodeFiles\CodeProyects\JavaScript Proyects\FinanzasHogar\Server\node_modules\pm2\lib\ProcessContainer.js:276:19)
    at process.emit (node:events:530:35)
    at process.emit (node:domain:489:12)
    at process.emit.sharedData.processEmitHook.installedValue [as emit] (C:\Users\jimen\Documents\AZ\CodeFiles\CodeProyects\JavaScript Proyects\FinanzasHogar\Server\node_modules\@cspotcode\source-map-support\source-map-support.js:745:40)
    at process._fatalException (node:internal/process/execution:191:25)
TSError: ⨯ Unable to compile TypeScript:
src/JFramework/Security/RateLimiter/RateLimiterManager.ts(97,9): error TS2345: Argument of type '(number | "days" | "hours" | "minutes" | "seconds" | "milliseconds")[]' is not assignable to parameter of type 'ErrorMessageData'.
  Property 'message' is missing in type '(number | "days" | "hours" | "minutes" | "seconds" | "milliseconds")[]' but required in type 'ErrorMessageData'.
src/JFramework/Security/RateLimiter/RateLimiterManager.ts(95,7): error TS1109: Expression expected.

    at createTSError (C:\Users\jimen\Documents\AZ\CodeFiles\CodeProyects\JavaScript Proyects\FinanzasHogar\Server\node_modules\ts-node\src\index.ts:859:12)
    at reportTSError (C:\Users\jimen\Documents\AZ\CodeFiles\CodeProyects\JavaScript Proyects\FinanzasHogar\Server\node_modules\ts-node\src\index.ts:863:19)
    at getOutput (C:\Users\jimen\Documents\AZ\CodeFiles\CodeProyects\JavaScript Proyects\FinanzasHogar\Server\node_modules\ts-node\src\index.ts:1077:36)
    at Object.compile (C:\Users\jimen\Documents\AZ\CodeFiles\CodeProyects\JavaScript Proyects\FinanzasHogar\Server\node_modules\ts-node\src\index.ts:1433:41)
    at Module.m._compile (C:\Users\jimen\Documents\AZ\CodeFiles\CodeProyects\JavaScript Proyects\FinanzasHogar\Server\node_modules\ts-node\src\index.ts:1617:30)
    at node:internal/modules/cjs/loader:1689:10
    at Object.require.extensions.<computed> [as .ts] (C:\Users\jimen\Documents\AZ\CodeFiles\CodeProyects\JavaScript Proyects\FinanzasHogar\Server\node_modules\ts-node\src\index.ts:1621:12)
    at Module.load (node:internal/modules/cjs/loader:1318:32)
    at Function._load (node:internal/modules/cjs/loader:1128:12)
    at TracingChannel.traceSync (node:diagnostics_channel:315:14)
Channel is already closed can't broadcast error:
TypeError: Converting circular structure to JSON
    --> starting at object with constructor 'SourceFileObject'
    |     property 'statements' -> object with constructor 'Array'
    |     index 0 -> object with constructor 'NodeObject'
    --- property 'parent' closes the circle
    at stringify (<anonymous>)
    at writeChannelMessage (node:internal/child_process/serialization:159:20)
    at process.target._send (node:internal/child_process:851:17)
    at process.target.send (node:internal/child_process:751:19)
    at process.send (C:\Users\jimen\Documents\AZ\CodeFiles\CodeProyects\JavaScript Proyects\FinanzasHogar\Server\node_modules\pm2\lib\ProcessContainer.js:52:21)
    at process.uncaughtListener (C:\Users\jimen\Documents\AZ\CodeFiles\CodeProyects\JavaScript Proyects\FinanzasHogar\Server\node_modules\pm2\lib\ProcessContainer.js:276:19)
    at process.emit (node:events:530:35)
    at process.emit (node:domain:489:12)
    at process.emit.sharedData.processEmitHook.installedValue [as emit] (C:\Users\jimen\Documents\AZ\CodeFiles\CodeProyects\JavaScript Proyects\FinanzasHogar\Server\node_modules\@cspotcode\source-map-support\source-map-support.js:745:40)
    at process._fatalException (node:internal/process/execution:191:25)
TSError: ⨯ Unable to compile TypeScript:
src/JFramework/Security/RateLimiter/RateLimiterManager.ts(95,9): error TS2322: Type '"too-many-requests" | Limiters' is not assignable to type '"days" | "hours" | "activar" | "activar-cuenta" | "apikey-invalido" | "apikey-no-definido" | "bienvenido-a" | "cuenta-creada-exitosamente" | "hola" | "minutes" | "seconds" | ... 27 more ... | "rate-limiter-invalid"'.
  Type '"generalLimiter"' is not assignable to type '"days" | "hours" | "activar" | "activar-cuenta" | "apikey-invalido" | "apikey-no-definido" | "bienvenido-a" | "cuenta-creada-exitosamente" | "hola" | "minutes" | "seconds" | ... 27 more ... | "rate-limiter-invalid"'.

    at createTSError (C:\Users\jimen\Documents\AZ\CodeFiles\CodeProyects\JavaScript Proyects\FinanzasHogar\Server\node_modules\ts-node\src\index.ts:859:12)
    at reportTSError (C:\Users\jimen\Documents\AZ\CodeFiles\CodeProyects\JavaScript Proyects\FinanzasHogar\Server\node_modules\ts-node\src\index.ts:863:19)
    at getOutput (C:\Users\jimen\Documents\AZ\CodeFiles\CodeProyects\JavaScript Proyects\FinanzasHogar\Server\node_modules\ts-node\src\index.ts:1077:36)
    at Object.compile (C:\Users\jimen\Documents\AZ\CodeFiles\CodeProyects\JavaScript Proyects\FinanzasHogar\Server\node_modules\ts-node\src\index.ts:1433:41)
    at Module.m._compile (C:\Users\jimen\Documents\AZ\CodeFiles\CodeProyects\JavaScript Proyects\FinanzasHogar\Server\node_modules\ts-node\src\index.ts:1617:30)
    at node:internal/modules/cjs/loader:1689:10
    at Object.require.extensions.<computed> [as .ts] (C:\Users\jimen\Documents\AZ\CodeFiles\CodeProyects\JavaScript Proyects\FinanzasHogar\Server\node_modules\ts-node\src\index.ts:1621:12)
    at Module.load (node:internal/modules/cjs/loader:1318:32)
    at Function._load (node:internal/modules/cjs/loader:1128:12)
    at TracingChannel.traceSync (node:diagnostics_channel:315:14)
Channel is already closed can't broadcast error:
TypeError: Converting circular structure to JSON
    --> starting at object with constructor 'SourceFileObject'
    |     property 'statements' -> object with constructor 'Array'
    |     index 0 -> object with constructor 'NodeObject'
    --- property 'parent' closes the circle
    at stringify (<anonymous>)
    at writeChannelMessage (node:internal/child_process/serialization:159:20)
    at process.target._send (node:internal/child_process:851:17)
    at process.target.send (node:internal/child_process:751:19)
    at process.send (C:\Users\jimen\Documents\AZ\CodeFiles\CodeProyects\JavaScript Proyects\FinanzasHogar\Server\node_modules\pm2\lib\ProcessContainer.js:52:21)
    at process.uncaughtListener (C:\Users\jimen\Documents\AZ\CodeFiles\CodeProyects\JavaScript Proyects\FinanzasHogar\Server\node_modules\pm2\lib\ProcessContainer.js:276:19)
    at process.emit (node:events:530:35)
    at process.emit (node:domain:489:12)
    at process.emit.sharedData.processEmitHook.installedValue [as emit] (C:\Users\jimen\Documents\AZ\CodeFiles\CodeProyects\JavaScript Proyects\FinanzasHogar\Server\node_modules\@cspotcode\source-map-support\source-map-support.js:745:40)
    at process._fatalException (node:internal/process/execution:191:25)
TSError: ⨯ Unable to compile TypeScript:
src/JFramework/Security/RateLimiter/RateLimiterManager.ts(95,9): error TS2322: Type '"too-many-requests" | Limiters' is not assignable to type '"days" | "hours" | "activar" | "activar-cuenta" | "apikey-invalido" | "apikey-no-definido" | "bienvenido-a" | "cuenta-creada-exitosamente" | "hola" | "minutes" | "seconds" | ... 27 more ... | "rate-limiter-invalid"'.
  Type '"generalLimiter"' is not assignable to type '"days" | "hours" | "activar" | "activar-cuenta" | "apikey-invalido" | "apikey-no-definido" | "bienvenido-a" | "cuenta-creada-exitosamente" | "hola" | "minutes" | "seconds" | ... 27 more ... | "rate-limiter-invalid"'.

    at createTSError (C:\Users\jimen\Documents\AZ\CodeFiles\CodeProyects\JavaScript Proyects\FinanzasHogar\Server\node_modules\ts-node\src\index.ts:859:12)
    at reportTSError (C:\Users\jimen\Documents\AZ\CodeFiles\CodeProyects\JavaScript Proyects\FinanzasHogar\Server\node_modules\ts-node\src\index.ts:863:19)
    at getOutput (C:\Users\jimen\Documents\AZ\CodeFiles\CodeProyects\JavaScript Proyects\FinanzasHogar\Server\node_modules\ts-node\src\index.ts:1077:36)
    at Object.compile (C:\Users\jimen\Documents\AZ\CodeFiles\CodeProyects\JavaScript Proyects\FinanzasHogar\Server\node_modules\ts-node\src\index.ts:1433:41)
    at Module.m._compile (C:\Users\jimen\Documents\AZ\CodeFiles\CodeProyects\JavaScript Proyects\FinanzasHogar\Server\node_modules\ts-node\src\index.ts:1617:30)
    at node:internal/modules/cjs/loader:1689:10
    at Object.require.extensions.<computed> [as .ts] (C:\Users\jimen\Documents\AZ\CodeFiles\CodeProyects\JavaScript Proyects\FinanzasHogar\Server\node_modules\ts-node\src\index.ts:1621:12)
    at Module.load (node:internal/modules/cjs/loader:1318:32)
    at Function._load (node:internal/modules/cjs/loader:1128:12)
    at TracingChannel.traceSync (node:diagnostics_channel:315:14)
Channel is already closed can't broadcast error:
TypeError: Converting circular structure to JSON
    --> starting at object with constructor 'SourceFileObject'
    |     property 'statements' -> object with constructor 'Array'
    |     index 0 -> object with constructor 'NodeObject'
    --- property 'parent' closes the circle
    at stringify (<anonymous>)
    at writeChannelMessage (node:internal/child_process/serialization:159:20)
    at process.target._send (node:internal/child_process:851:17)
    at process.target.send (node:internal/child_process:751:19)
    at process.send (C:\Users\jimen\Documents\AZ\CodeFiles\CodeProyects\JavaScript Proyects\FinanzasHogar\Server\node_modules\pm2\lib\ProcessContainer.js:52:21)
    at process.uncaughtListener (C:\Users\jimen\Documents\AZ\CodeFiles\CodeProyects\JavaScript Proyects\FinanzasHogar\Server\node_modules\pm2\lib\ProcessContainer.js:276:19)
    at process.emit (node:events:530:35)
    at process.emit (node:domain:489:12)
    at process.emit.sharedData.processEmitHook.installedValue [as emit] (C:\Users\jimen\Documents\AZ\CodeFiles\CodeProyects\JavaScript Proyects\FinanzasHogar\Server\node_modules\@cspotcode\source-map-support\source-map-support.js:745:40)
    at process._fatalException (node:internal/process/execution:191:25)
TSError: ⨯ Unable to compile TypeScript:
src/JFramework/Security/RateLimiter/RateLimiterManager.ts(95,9): error TS2322: Type '"too-many-requests" | Limiters' is not assignable to type '"days" | "hours" | "activar" | "activar-cuenta" | "apikey-invalido" | "apikey-no-definido" | "bienvenido-a" | "cuenta-creada-exitosamente" | "hola" | "minutes" | "seconds" | ... 27 more ... | "rate-limiter-invalid"'.
  Type '"generalLimiter"' is not assignable to type '"days" | "hours" | "activar" | "activar-cuenta" | "apikey-invalido" | "apikey-no-definido" | "bienvenido-a" | "cuenta-creada-exitosamente" | "hola" | "minutes" | "seconds" | ... 27 more ... | "rate-limiter-invalid"'.

    at createTSError (C:\Users\jimen\Documents\AZ\CodeFiles\CodeProyects\JavaScript Proyects\FinanzasHogar\Server\node_modules\ts-node\src\index.ts:859:12)
    at reportTSError (C:\Users\jimen\Documents\AZ\CodeFiles\CodeProyects\JavaScript Proyects\FinanzasHogar\Server\node_modules\ts-node\src\index.ts:863:19)
    at getOutput (C:\Users\jimen\Documents\AZ\CodeFiles\CodeProyects\JavaScript Proyects\FinanzasHogar\Server\node_modules\ts-node\src\index.ts:1077:36)
    at Object.compile (C:\Users\jimen\Documents\AZ\CodeFiles\CodeProyects\JavaScript Proyects\FinanzasHogar\Server\node_modules\ts-node\src\index.ts:1433:41)
    at Module.m._compile (C:\Users\jimen\Documents\AZ\CodeFiles\CodeProyects\JavaScript Proyects\FinanzasHogar\Server\node_modules\ts-node\src\index.ts:1617:30)
    at node:internal/modules/cjs/loader:1689:10
    at Object.require.extensions.<computed> [as .ts] (C:\Users\jimen\Documents\AZ\CodeFiles\CodeProyects\JavaScript Proyects\FinanzasHogar\Server\node_modules\ts-node\src\index.ts:1621:12)
    at Module.load (node:internal/modules/cjs/loader:1318:32)
    at Function._load (node:internal/modules/cjs/loader:1128:12)
    at TracingChannel.traceSync (node:diagnostics_channel:315:14)
Channel is already closed can't broadcast error:
TypeError: Converting circular structure to JSON
    --> starting at object with constructor 'SourceFileObject'
    |     property 'statements' -> object with constructor 'Array'
    |     index 0 -> object with constructor 'NodeObject'
    --- property 'parent' closes the circle
    at stringify (<anonymous>)
    at writeChannelMessage (node:internal/child_process/serialization:159:20)
    at process.target._send (node:internal/child_process:851:17)
    at process.target.send (node:internal/child_process:751:19)
    at process.send (C:\Users\jimen\Documents\AZ\CodeFiles\CodeProyects\JavaScript Proyects\FinanzasHogar\Server\node_modules\pm2\lib\ProcessContainer.js:52:21)
    at process.uncaughtListener (C:\Users\jimen\Documents\AZ\CodeFiles\CodeProyects\JavaScript Proyects\FinanzasHogar\Server\node_modules\pm2\lib\ProcessContainer.js:276:19)
    at process.emit (node:events:530:35)
    at process.emit (node:domain:489:12)
    at process.emit.sharedData.processEmitHook.installedValue [as emit] (C:\Users\jimen\Documents\AZ\CodeFiles\CodeProyects\JavaScript Proyects\FinanzasHogar\Server\node_modules\@cspotcode\source-map-support\source-map-support.js:745:40)
    at process._fatalException (node:internal/process/execution:191:25)
TSError: ⨯ Unable to compile TypeScript:
src/JFramework/Security/RateLimiter/RateLimiterManager.ts(95,9): error TS2322: Type '"too-many-requests" | Limiters' is not assignable to type '"days" | "hours" | "activar" | "activar-cuenta" | "apikey-invalido" | "apikey-no-definido" | "bienvenido-a" | "cuenta-creada-exitosamente" | "hola" | "minutes" | "seconds" | ... 27 more ... | "rate-limiter-invalid"'.
  Type '"generalLimiter"' is not assignable to type '"days" | "hours" | "activar" | "activar-cuenta" | "apikey-invalido" | "apikey-no-definido" | "bienvenido-a" | "cuenta-creada-exitosamente" | "hola" | "minutes" | "seconds" | ... 27 more ... | "rate-limiter-invalid"'.

    at createTSError (C:\Users\jimen\Documents\AZ\CodeFiles\CodeProyects\JavaScript Proyects\FinanzasHogar\Server\node_modules\ts-node\src\index.ts:859:12)
    at reportTSError (C:\Users\jimen\Documents\AZ\CodeFiles\CodeProyects\JavaScript Proyects\FinanzasHogar\Server\node_modules\ts-node\src\index.ts:863:19)
    at getOutput (C:\Users\jimen\Documents\AZ\CodeFiles\CodeProyects\JavaScript Proyects\FinanzasHogar\Server\node_modules\ts-node\src\index.ts:1077:36)
    at Object.compile (C:\Users\jimen\Documents\AZ\CodeFiles\CodeProyects\JavaScript Proyects\FinanzasHogar\Server\node_modules\ts-node\src\index.ts:1433:41)
    at Module.m._compile (C:\Users\jimen\Documents\AZ\CodeFiles\CodeProyects\JavaScript Proyects\FinanzasHogar\Server\node_modules\ts-node\src\index.ts:1617:30)
    at node:internal/modules/cjs/loader:1689:10
    at Object.require.extensions.<computed> [as .ts] (C:\Users\jimen\Documents\AZ\CodeFiles\CodeProyects\JavaScript Proyects\FinanzasHogar\Server\node_modules\ts-node\src\index.ts:1621:12)
    at Module.load (node:internal/modules/cjs/loader:1318:32)
    at Function._load (node:internal/modules/cjs/loader:1128:12)
    at TracingChannel.traceSync (node:diagnostics_channel:315:14)
Channel is already closed can't broadcast error:
TypeError: Converting circular structure to JSON
    --> starting at object with constructor 'SourceFileObject'
    |     property 'statements' -> object with constructor 'Array'
    |     index 0 -> object with constructor 'NodeObject'
    --- property 'parent' closes the circle
    at stringify (<anonymous>)
    at writeChannelMessage (node:internal/child_process/serialization:159:20)
    at process.target._send (node:internal/child_process:851:17)
    at process.target.send (node:internal/child_process:751:19)
    at process.send (C:\Users\jimen\Documents\AZ\CodeFiles\CodeProyects\JavaScript Proyects\FinanzasHogar\Server\node_modules\pm2\lib\ProcessContainer.js:52:21)
    at process.uncaughtListener (C:\Users\jimen\Documents\AZ\CodeFiles\CodeProyects\JavaScript Proyects\FinanzasHogar\Server\node_modules\pm2\lib\ProcessContainer.js:276:19)
    at process.emit (node:events:530:35)
    at process.emit (node:domain:489:12)
    at process.emit.sharedData.processEmitHook.installedValue [as emit] (C:\Users\jimen\Documents\AZ\CodeFiles\CodeProyects\JavaScript Proyects\FinanzasHogar\Server\node_modules\@cspotcode\source-map-support\source-map-support.js:745:40)
    at process._fatalException (node:internal/process/execution:191:25)
TSError: ⨯ Unable to compile TypeScript:
src/JFramework/Security/RateLimiter/RateLimiterManager.ts(95,9): error TS2322: Type '"too-many-requests" | Limiters' is not assignable to type '"days" | "hours" | "activar" | "activar-cuenta" | "apikey-invalido" | "apikey-no-definido" | "bienvenido-a" | "cuenta-creada-exitosamente" | "hola" | "minutes" | "seconds" | ... 27 more ... | "rate-limiter-invalid"'.
  Type '"generalLimiter"' is not assignable to type '"days" | "hours" | "activar" | "activar-cuenta" | "apikey-invalido" | "apikey-no-definido" | "bienvenido-a" | "cuenta-creada-exitosamente" | "hola" | "minutes" | "seconds" | ... 27 more ... | "rate-limiter-invalid"'.

    at createTSError (C:\Users\jimen\Documents\AZ\CodeFiles\CodeProyects\JavaScript Proyects\FinanzasHogar\Server\node_modules\ts-node\src\index.ts:859:12)
    at reportTSError (C:\Users\jimen\Documents\AZ\CodeFiles\CodeProyects\JavaScript Proyects\FinanzasHogar\Server\node_modules\ts-node\src\index.ts:863:19)
    at getOutput (C:\Users\jimen\Documents\AZ\CodeFiles\CodeProyects\JavaScript Proyects\FinanzasHogar\Server\node_modules\ts-node\src\index.ts:1077:36)
    at Object.compile (C:\Users\jimen\Documents\AZ\CodeFiles\CodeProyects\JavaScript Proyects\FinanzasHogar\Server\node_modules\ts-node\src\index.ts:1433:41)
    at Module.m._compile (C:\Users\jimen\Documents\AZ\CodeFiles\CodeProyects\JavaScript Proyects\FinanzasHogar\Server\node_modules\ts-node\src\index.ts:1617:30)
    at node:internal/modules/cjs/loader:1689:10
    at Object.require.extensions.<computed> [as .ts] (C:\Users\jimen\Documents\AZ\CodeFiles\CodeProyects\JavaScript Proyects\FinanzasHogar\Server\node_modules\ts-node\src\index.ts:1621:12)
    at Module.load (node:internal/modules/cjs/loader:1318:32)
    at Function._load (node:internal/modules/cjs/loader:1128:12)
    at TracingChannel.traceSync (node:diagnostics_channel:315:14)
Channel is already closed can't broadcast error:
TypeError: Converting circular structure to JSON
    --> starting at object with constructor 'SourceFileObject'
    |     property 'statements' -> object with constructor 'Array'
    |     index 0 -> object with constructor 'NodeObject'
    --- property 'parent' closes the circle
    at stringify (<anonymous>)
    at writeChannelMessage (node:internal/child_process/serialization:159:20)
    at process.target._send (node:internal/child_process:851:17)
    at process.target.send (node:internal/child_process:751:19)
    at process.send (C:\Users\jimen\Documents\AZ\CodeFiles\CodeProyects\JavaScript Proyects\FinanzasHogar\Server\node_modules\pm2\lib\ProcessContainer.js:52:21)
    at process.uncaughtListener (C:\Users\jimen\Documents\AZ\CodeFiles\CodeProyects\JavaScript Proyects\FinanzasHogar\Server\node_modules\pm2\lib\ProcessContainer.js:276:19)
    at process.emit (node:events:530:35)
    at process.emit (node:domain:489:12)
    at process.emit.sharedData.processEmitHook.installedValue [as emit] (C:\Users\jimen\Documents\AZ\CodeFiles\CodeProyects\JavaScript Proyects\FinanzasHogar\Server\node_modules\@cspotcode\source-map-support\source-map-support.js:745:40)
    at process._fatalException (node:internal/process/execution:191:25)
TSError: ⨯ Unable to compile TypeScript:
src/JFramework/ErrorHandling/Exceptions.ts(65,9): error TS2322: Type 'string | ErrorMessageData' is not assignable to type 'string'.
  Type 'ErrorMessageData' is not assignable to type 'string'.
src/JFramework/ErrorHandling/Exceptions.ts(72,7): error TS2322: Type 'string | ErrorMessageData' is not assignable to type 'string'.
  Type 'ErrorMessageData' is not assignable to type 'string'.

    at createTSError (C:\Users\jimen\Documents\AZ\CodeFiles\CodeProyects\JavaScript Proyects\FinanzasHogar\Server\node_modules\ts-node\src\index.ts:859:12)
    at reportTSError (C:\Users\jimen\Documents\AZ\CodeFiles\CodeProyects\JavaScript Proyects\FinanzasHogar\Server\node_modules\ts-node\src\index.ts:863:19)
    at getOutput (C:\Users\jimen\Documents\AZ\CodeFiles\CodeProyects\JavaScript Proyects\FinanzasHogar\Server\node_modules\ts-node\src\index.ts:1077:36)
    at Object.compile (C:\Users\jimen\Documents\AZ\CodeFiles\CodeProyects\JavaScript Proyects\FinanzasHogar\Server\node_modules\ts-node\src\index.ts:1433:41)
    at Module.m._compile (C:\Users\jimen\Documents\AZ\CodeFiles\CodeProyects\JavaScript Proyects\FinanzasHogar\Server\node_modules\ts-node\src\index.ts:1617:30)
    at node:internal/modules/cjs/loader:1689:10
    at Object.require.extensions.<computed> [as .ts] (C:\Users\jimen\Documents\AZ\CodeFiles\CodeProyects\JavaScript Proyects\FinanzasHogar\Server\node_modules\ts-node\src\index.ts:1621:12)
    at Module.load (node:internal/modules/cjs/loader:1318:32)
    at Function._load (node:internal/modules/cjs/loader:1128:12)
    at TracingChannel.traceSync (node:diagnostics_channel:315:14)
Channel is already closed can't broadcast error:
TypeError: Converting circular structure to JSON
    --> starting at object with constructor 'SourceFileObject'
    |     property 'statements' -> object with constructor 'Array'
    |     index 0 -> object with constructor 'NodeObject'
    --- property 'parent' closes the circle
    at stringify (<anonymous>)
    at writeChannelMessage (node:internal/child_process/serialization:159:20)
    at process.target._send (node:internal/child_process:851:17)
    at process.target.send (node:internal/child_process:751:19)
    at process.send (C:\Users\jimen\Documents\AZ\CodeFiles\CodeProyects\JavaScript Proyects\FinanzasHogar\Server\node_modules\pm2\lib\ProcessContainer.js:52:21)
    at process.uncaughtListener (C:\Users\jimen\Documents\AZ\CodeFiles\CodeProyects\JavaScript Proyects\FinanzasHogar\Server\node_modules\pm2\lib\ProcessContainer.js:276:19)
    at process.emit (node:events:530:35)
    at process.emit (node:domain:489:12)
    at process.emit.sharedData.processEmitHook.installedValue [as emit] (C:\Users\jimen\Documents\AZ\CodeFiles\CodeProyects\JavaScript Proyects\FinanzasHogar\Server\node_modules\@cspotcode\source-map-support\source-map-support.js:745:40)
    at process._fatalException (node:internal/process/execution:191:25)
TSError: ⨯ Unable to compile TypeScript:
src/JFramework/ErrorHandling/Exceptions.ts(156,10): error TS2552: Cannot find name 'messageData'. Did you mean 'ImageData'?
src/JFramework/ErrorHandling/Exceptions.ts(157,19): error TS2552: Cannot find name 'messageData'. Did you mean 'ImageData'?
src/JFramework/ErrorHandling/Exceptions.ts(158,20): error TS2552: Cannot find name 'messageData'. Did you mean 'ImageData'?
src/JFramework/ErrorHandling/Exceptions.ts(160,60): error TS2552: Cannot find name 'messageData'. Did you mean 'ImageData'?
src/JFramework/ErrorHandling/Exceptions.ts(160,81): error TS2552: Cannot find name 'messageData'. Did you mean 'ImageData'?
src/JFramework/ErrorHandling/Exceptions.ts(165,15): error TS2552: Cannot find name 'messageData'. Did you mean 'ImageData'?
src/JFramework/ErrorHandling/Exceptions.ts(165,37): error TS2552: Cannot find name 'messageData'. Did you mean 'ImageData'?
src/JFramework/ErrorHandling/Exceptions.ts(166,16): error TS2552: Cannot find name 'messageData'. Did you mean 'ImageData'?

    at createTSError (C:\Users\jimen\Documents\AZ\CodeFiles\CodeProyects\JavaScript Proyects\FinanzasHogar\Server\node_modules\ts-node\src\index.ts:859:12)
    at reportTSError (C:\Users\jimen\Documents\AZ\CodeFiles\CodeProyects\JavaScript Proyects\FinanzasHogar\Server\node_modules\ts-node\src\index.ts:863:19)
    at getOutput (C:\Users\jimen\Documents\AZ\CodeFiles\CodeProyects\JavaScript Proyects\FinanzasHogar\Server\node_modules\ts-node\src\index.ts:1077:36)
    at Object.compile (C:\Users\jimen\Documents\AZ\CodeFiles\CodeProyects\JavaScript Proyects\FinanzasHogar\Server\node_modules\ts-node\src\index.ts:1433:41)
    at Module.m._compile (C:\Users\jimen\Documents\AZ\CodeFiles\CodeProyects\JavaScript Proyects\FinanzasHogar\Server\node_modules\ts-node\src\index.ts:1617:30)
    at node:internal/modules/cjs/loader:1689:10
    at Object.require.extensions.<computed> [as .ts] (C:\Users\jimen\Documents\AZ\CodeFiles\CodeProyects\JavaScript Proyects\FinanzasHogar\Server\node_modules\ts-node\src\index.ts:1621:12)
    at Module.load (node:internal/modules/cjs/loader:1318:32)
    at Function._load (node:internal/modules/cjs/loader:1128:12)
    at TracingChannel.traceSync (node:diagnostics_channel:315:14)
Channel is already closed can't broadcast error:
TypeError: Converting circular structure to JSON
    --> starting at object with constructor 'SourceFileObject'
    |     property 'statements' -> object with constructor 'Array'
    |     index 0 -> object with constructor 'NodeObject'
    --- property 'parent' closes the circle
    at stringify (<anonymous>)
    at writeChannelMessage (node:internal/child_process/serialization:159:20)
    at process.target._send (node:internal/child_process:851:17)
    at process.target.send (node:internal/child_process:751:19)
    at process.send (C:\Users\jimen\Documents\AZ\CodeFiles\CodeProyects\JavaScript Proyects\FinanzasHogar\Server\node_modules\pm2\lib\ProcessContainer.js:52:21)
    at process.uncaughtListener (C:\Users\jimen\Documents\AZ\CodeFiles\CodeProyects\JavaScript Proyects\FinanzasHogar\Server\node_modules\pm2\lib\ProcessContainer.js:276:19)
    at process.emit (node:events:530:35)
    at process.emit (node:domain:489:12)
    at process.emit.sharedData.processEmitHook.installedValue [as emit] (C:\Users\jimen\Documents\AZ\CodeFiles\CodeProyects\JavaScript Proyects\FinanzasHogar\Server\node_modules\@cspotcode\source-map-support\source-map-support.js:745:40)
    at process._fatalException (node:internal/process/execution:191:25)
TSError: ⨯ Unable to compile TypeScript:
src/JFramework/ErrorHandling/Exceptions.ts(79,7): error TS2345: Argument of type 'string | undefined' is not assignable to parameter of type 'string'.
  Type 'undefined' is not assignable to type 'string'.

    at createTSError (C:\Users\jimen\Documents\AZ\CodeFiles\CodeProyects\JavaScript Proyects\FinanzasHogar\Server\node_modules\ts-node\src\index.ts:859:12)
    at reportTSError (C:\Users\jimen\Documents\AZ\CodeFiles\CodeProyects\JavaScript Proyects\FinanzasHogar\Server\node_modules\ts-node\src\index.ts:863:19)
    at getOutput (C:\Users\jimen\Documents\AZ\CodeFiles\CodeProyects\JavaScript Proyects\FinanzasHogar\Server\node_modules\ts-node\src\index.ts:1077:36)
    at Object.compile (C:\Users\jimen\Documents\AZ\CodeFiles\CodeProyects\JavaScript Proyects\FinanzasHogar\Server\node_modules\ts-node\src\index.ts:1433:41)
    at Module.m._compile (C:\Users\jimen\Documents\AZ\CodeFiles\CodeProyects\JavaScript Proyects\FinanzasHogar\Server\node_modules\ts-node\src\index.ts:1617:30)
    at node:internal/modules/cjs/loader:1689:10
    at Object.require.extensions.<computed> [as .ts] (C:\Users\jimen\Documents\AZ\CodeFiles\CodeProyects\JavaScript Proyects\FinanzasHogar\Server\node_modules\ts-node\src\index.ts:1621:12)
    at Module.load (node:internal/modules/cjs/loader:1318:32)
    at Function._load (node:internal/modules/cjs/loader:1128:12)
    at TracingChannel.traceSync (node:diagnostics_channel:315:14)
Channel is already closed can't broadcast error:
TypeError: Converting circular structure to JSON
    --> starting at object with constructor 'SourceFileObject'
    |     property 'statements' -> object with constructor 'Array'
    |     index 0 -> object with constructor 'NodeObject'
    --- property 'parent' closes the circle
    at stringify (<anonymous>)
    at writeChannelMessage (node:internal/child_process/serialization:159:20)
    at process.target._send (node:internal/child_process:851:17)
    at process.target.send (node:internal/child_process:751:19)
    at process.send (C:\Users\jimen\Documents\AZ\CodeFiles\CodeProyects\JavaScript Proyects\FinanzasHogar\Server\node_modules\pm2\lib\ProcessContainer.js:52:21)
    at process.uncaughtListener (C:\Users\jimen\Documents\AZ\CodeFiles\CodeProyects\JavaScript Proyects\FinanzasHogar\Server\node_modules\pm2\lib\ProcessContainer.js:276:19)
    at process.emit (node:events:530:35)
    at process.emit (node:domain:489:12)
    at process.emit.sharedData.processEmitHook.installedValue [as emit] (C:\Users\jimen\Documents\AZ\CodeFiles\CodeProyects\JavaScript Proyects\FinanzasHogar\Server\node_modules\@cspotcode\source-map-support\source-map-support.js:745:40)
    at process._fatalException (node:internal/process/execution:191:25)
